<?xml version="1.0" encoding="UTF-8"?>
<!-- Generated by org.testng.reporters.JUnitReportReporter -->
<testsuite hostname="DESKTOP-P8K71CG" failures="0" tests="3" name="testNg.Test5" time="46.761" errors="0" timestamp="2024-05-02T22:35:39 IST" skipped="0">
  <testcase classname="testNg.Test5" name="demo" time="14.228"/>
  <system-out/>
  <testcase classname="testNg.Test5" name="demo" time="20.047"/>
  <system-out/>
  <testcase classname="testNg.Test5" name="demo" time="12.486"/>
  <system-out/>
</testsuite> <!-- testNg.Test5 -->
