<?xml version="1.0" encoding="UTF-8"?>
<!-- Generated by org.testng.reporters.JUnitReportReporter -->
<testsuite hostname="DESKTOP-P8K71CG" failures="0" tests="1" name="testNg.Test0" time="0.023" errors="0" timestamp="2024-05-02T17:19:55 IST" skipped="0">
  <testcase classname="testNg.Test0" name="demo" time="0.023"/>
  <system-out>
    <![CDATA[Hello java
Hello java selenuim]]>
  </system-out>
</testsuite> <!-- testNg.Test0 -->
