<?xml version="1.0" encoding="UTF-8"?>
<!-- Generated by org.testng.reporters.JUnitReportReporter -->
<testsuite hostname="DESKTOP-P8K71CG" failures="0" tests="2" name="testNg.parallelexecution" time="37.273" errors="0" timestamp="2024-05-02T20:46:25 IST" skipped="0">
  <testcase classname="testNg.parallelexecution" name="test" time="14.663"/>
  <system-out/>
  <testcase classname="testNg.parallelexecution" name="test" time="22.610"/>
  <system-out/>
</testsuite> <!-- testNg.parallelexecution -->
