<?xml version="1.0" encoding="UTF-8"?>
<!-- Generated by org.testng.reporters.JUnitReportReporter -->
<testsuite hostname="DESKTOP-P8K71CG" failures="0" tests="5" name="testNg.Whatsup" time="0.037" errors="0" timestamp="2024-05-02T17:42:00 IST" skipped="1">
  <testcase classname="testNg.Whatsup" name="chats" time="0.024"/>
  <system-out>
    <![CDATA[chats]]>
  </system-out>
  <testcase classname="testNg.Whatsup" name="calls" time="0.008"/>
  <system-out>
    <![CDATA[calls]]>
  </system-out>
  <testcase classname="testNg.Whatsup" name="calls" time="0.002"/>
  <system-out>
    <![CDATA[calls]]>
  </system-out>
  <testcase classname="testNg.Whatsup" name="calls" time="0.003"/>
  <system-out>
    <![CDATA[calls]]>
  </system-out>
  <testcase classname="testNg.Whatsup" name="settings">
    <skipped/>
  </testcase> <!-- settings -->
  <system-out/>
</testsuite> <!-- testNg.Whatsup -->
