<?xml version="1.0" encoding="UTF-8"?>
<!-- Generated by org.testng.reporters.JUnitReportReporter -->
<testsuite hostname="DESKTOP-P8K71CG" failures="0" tests="1" name="pom.testcase1" time="33.859" errors="0" timestamp="2024-05-02T21:20:08 IST" skipped="0">
  <testcase classname="pom.testcase1" name="Testcase1" time="33.859"/>
  <system-out/>
</testsuite> <!-- pom.testcase1 -->
