<?xml version="1.0" encoding="UTF-8"?>
<!-- Generated by org.testng.reporters.JUnitReportReporter -->
<testsuite hostname="DESKTOP-P8K71CG" failures="0" tests="1" name="pom.Testcase2" time="18.839" errors="0" timestamp="2024-05-02T21:20:08 IST" skipped="0">
  <testcase classname="pom.Testcase2" name="testcase2" time="18.839"/>
  <system-out/>
</testsuite> <!-- pom.Testcase2 -->
